app/build/intermediates/manifest_merge_blame_file/debug/manifest-merger-blame-debug-report.txt
1<?xml version="1.0" encoding="utf-8"?>
2<manifest xmlns:android="http://schemas.android.com/apk/res/android"
3    package="com.animation.viphelper"
4    android:versionCode="1"
5    android:versionName="1.0" >
6
7    <uses-sdk
8        android:minSdkVersion="21"
8-->src\main\AndroidManifest.xml
9        android:targetSdkVersion="33" />
9-->src\main\AndroidManifest.xml
10
11    <uses-permission android:name="android.permission.INTERNET" />
11-->src\main\AndroidManifest.xml:6:5-67
11-->src\main\AndroidManifest.xml:6:22-64
12    <uses-permission android:name="android.permission.ACCESS_NETWORK_STATE" />
12-->src\main\AndroidManifest.xml:7:5-79
12-->src\main\AndroidManifest.xml:7:22-76
13    <uses-permission android:name="android.permission.ACCESS_WIFI_STATE" />
13-->src\main\AndroidManifest.xml:8:5-76
13-->src\main\AndroidManifest.xml:8:22-73
14    <uses-permission android:name="android.permission.CHANGE_WIFI_STATE" />
14-->src\main\AndroidManifest.xml:9:5-76
14-->src\main\AndroidManifest.xml:9:22-73
15    <uses-permission android:name="com.google.android.gms.permission.AD_ID" />
15-->[:mylibrarys] AndroidManifest.xml:13:5-79
15-->[:mylibrarys] AndroidManifest.xml:13:22-76
16    <uses-permission android:name="android.permission.FOREGROUND_SERVICE" />
16-->[com.github.AnchorFreePartner.hydra-sdk-android:sdk-core:4.0.0] AndroidManifest.xml:13:5-77
16-->[com.github.AnchorFreePartner.hydra-sdk-android:sdk-core:4.0.0] AndroidManifest.xml:13:22-74
17    <uses-permission android:name="android.permission.ACCESS_FINE_LOCATION" />
17-->[com.github.AnchorFree.hydra-vpn-android:networking:d8dd1f8] AndroidManifest.xml:9:5-79
17-->[com.github.AnchorFree.hydra-vpn-android:networking:d8dd1f8] AndroidManifest.xml:9:22-76
18    <uses-permission android:name="android.permission.ACCESS_COARSE_LOCATION" />
18-->[com.github.AnchorFree.hydra-vpn-android:networking:d8dd1f8] AndroidManifest.xml:10:5-81
18-->[com.github.AnchorFree.hydra-vpn-android:networking:d8dd1f8] AndroidManifest.xml:10:22-78
19
20    <queries>
20-->[com.facebook.android:audience-network-sdk:6.11.0] AndroidManifest.xml:11:5-13:15
21        <package android:name="com.facebook.katana" />
21-->[com.facebook.android:audience-network-sdk:6.11.0] AndroidManifest.xml:12:9-55
21-->[com.facebook.android:audience-network-sdk:6.11.0] AndroidManifest.xml:12:18-52
22        <!-- For browser content -->
23        <intent>
23-->[com.google.android.gms:play-services-ads-lite:21.3.0] AndroidManifest.xml:31:9-37:18
24            <action android:name="android.intent.action.VIEW" />
24-->[com.google.android.gms:play-services-ads-lite:21.3.0] AndroidManifest.xml:32:13-65
24-->[com.google.android.gms:play-services-ads-lite:21.3.0] AndroidManifest.xml:32:21-62
25
26            <category android:name="android.intent.category.BROWSABLE" />
26-->[com.google.android.gms:play-services-ads-lite:21.3.0] AndroidManifest.xml:34:13-74
26-->[com.google.android.gms:play-services-ads-lite:21.3.0] AndroidManifest.xml:34:23-71
27
28            <data android:scheme="https" />
28-->[com.google.android.gms:play-services-ads-lite:21.3.0] AndroidManifest.xml:36:13-44
28-->[com.google.android.gms:play-services-ads-lite:21.3.0] AndroidManifest.xml:36:19-41
29        </intent> <!-- End of browser content -->
30        <!-- For CustomTabsService -->
31        <intent>
31-->[com.google.android.gms:play-services-ads-lite:21.3.0] AndroidManifest.xml:40:9-42:18
32            <action android:name="android.support.customtabs.action.CustomTabsService" />
32-->[com.google.android.gms:play-services-ads-lite:21.3.0] AndroidManifest.xml:41:13-90
32-->[com.google.android.gms:play-services-ads-lite:21.3.0] AndroidManifest.xml:41:21-87
33        </intent>
34        <intent>
34-->[com.applovin:applovin-sdk:11.8.2] AndroidManifest.xml:12:9-14:18
35            <action android:name="com.applovin.am.intent.action.APPHUB_SERVICE" />
35-->[com.applovin:applovin-sdk:11.8.2] AndroidManifest.xml:13:13-83
35-->[com.applovin:applovin-sdk:11.8.2] AndroidManifest.xml:13:21-80
36        </intent>
37    </queries>
38
39    <uses-permission android:name="android.permission.WAKE_LOCK" />
39-->[com.google.android.gms:play-services-measurement-sdk-api:20.1.2] AndroidManifest.xml:25:5-68
39-->[com.google.android.gms:play-services-measurement-sdk-api:20.1.2] AndroidManifest.xml:25:22-65
40    <uses-permission android:name="android.permission.RECEIVE_BOOT_COMPLETED" />
40-->[androidx.work:work-runtime:2.8.0-alpha02] AndroidManifest.xml:27:5-81
40-->[androidx.work:work-runtime:2.8.0-alpha02] AndroidManifest.xml:27:22-78
41    <uses-permission android:name="com.applovin.array.apphub.permission.BIND_APPHUB_SERVICE" />
41-->[com.applovin:applovin-sdk:11.8.2] AndroidManifest.xml:20:5-96
41-->[com.applovin:applovin-sdk:11.8.2] AndroidManifest.xml:20:22-93
42
43    <application
43-->src\main\AndroidManifest.xml:11:5-41:19
44        android:name="com.appwood.mylibrarys.MyProHelperClass"
44-->src\main\AndroidManifest.xml:12:9-63
45        android:allowBackup="true"
45-->src\main\AndroidManifest.xml:13:9-35
46        android:appComponentFactory="androidx.core.app.CoreComponentFactory"
46-->[androidx.core:core:1.8.0] AndroidManifest.xml:24:18-86
47        android:dataExtractionRules="@xml/data_extraction_rules"
47-->src\main\AndroidManifest.xml:14:9-65
48        android:debuggable="true"
49        android:fullBackupContent="@xml/backup_rules"
49-->src\main\AndroidManifest.xml:15:9-54
50        android:hardwareAccelerated="true"
50-->src\main\AndroidManifest.xml:18:9-43
51        android:icon="@mipmap/ic_launcher"
51-->src\main\AndroidManifest.xml:16:9-43
52        android:label="@string/app_name"
52-->src\main\AndroidManifest.xml:17:9-41
53        android:networkSecurityConfig="@xml/sdk_captive_portal_network_security"
53-->[com.github.AnchorFreePartner.hydra-sdk-android:sdk-core:4.0.0] AndroidManifest.xml:16:9-81
54        android:roundIcon="@mipmap/ic_launcher_round"
54-->src\main\AndroidManifest.xml:20:9-54
55        android:supportsRtl="true"
55-->src\main\AndroidManifest.xml:21:9-35
56        android:theme="@style/Theme.RAD"
56-->src\main\AndroidManifest.xml:22:9-41
57        android:usesCleartextTraffic="true" >
57-->src\main\AndroidManifest.xml:19:9-44
58        <activity
58-->src\main\AndroidManifest.xml:24:9-26:40
59            android:name="animation.almonten.koola.TestingActivity"
59-->src\main\AndroidManifest.xml:25:13-44
60            android:exported="false" />
60-->src\main\AndroidManifest.xml:26:13-37
61        <activity
61-->src\main\AndroidManifest.xml:27:9-29:40
62            android:name="animation.almonten.koola.MainActivity"
62-->src\main\AndroidManifest.xml:28:13-41
63            android:exported="false" />
63-->src\main\AndroidManifest.xml:29:13-37
64        <activity
64-->src\main\AndroidManifest.xml:30:9-32:40
65            android:name="animation.almonten.koola.AdsCode.ExitScreen"
65-->src\main\AndroidManifest.xml:31:13-47
66            android:exported="false" />
66-->src\main\AndroidManifest.xml:32:13-37
67        <activity
67-->src\main\AndroidManifest.xml:33:9-40:20
68            android:name="animation.almonten.koola.AdsCode.SplashActivity"
68-->src\main\AndroidManifest.xml:34:13-51
69            android:exported="true" >
69-->src\main\AndroidManifest.xml:35:13-36
70            <intent-filter>
70-->src\main\AndroidManifest.xml:36:13-39:29
71                <action android:name="android.intent.action.MAIN" />
71-->src\main\AndroidManifest.xml:37:17-69
71-->src\main\AndroidManifest.xml:37:25-66
72
73                <category android:name="android.intent.category.LAUNCHER" />
73-->src\main\AndroidManifest.xml:38:17-77
73-->src\main\AndroidManifest.xml:38:27-74
74            </intent-filter>
75        </activity>
76        <activity android:name="com.appwood.mylibrarys.UpdateAppActivity" />
76-->[:mylibrarys] AndroidManifest.xml:16:9-77
76-->[:mylibrarys] AndroidManifest.xml:16:19-74
77        <activity android:name="com.appwood.mylibrarys.Splash" />
77-->[:mylibrarys] AndroidManifest.xml:17:9-66
77-->[:mylibrarys] AndroidManifest.xml:17:19-63
78
79        <meta-data
79-->[:mylibrarys] AndroidManifest.xml:19:9-21:36
80            android:name="com.google.android.gms.ads.AD_MANAGER_APP"
80-->[:mylibrarys] AndroidManifest.xml:20:13-69
81            android:value="true" />
81-->[:mylibrarys] AndroidManifest.xml:21:13-33
82        <meta-data
82-->[:mylibrarys] AndroidManifest.xml:22:9-24:118
83            android:name="applovin.sdk.key"
83-->[:mylibrarys] AndroidManifest.xml:23:13-44
84            android:value="VvMHQ8qTbnOUx1SS7gTV2dloZMX_RremcudgIVezo_tO0TSDTLUUkG5malJ63camEvhEOrnyLgkJm2gSniHLr2" />
84-->[:mylibrarys] AndroidManifest.xml:24:13-115
85        <meta-data
85-->[:mylibrarys] AndroidManifest.xml:25:9-27:36
86            android:name="applovin.sdk.verbose_logging"
86-->[:mylibrarys] AndroidManifest.xml:26:13-56
87            android:value="true" />
87-->[:mylibrarys] AndroidManifest.xml:27:13-33
88        <meta-data
88-->[com.github.AnchorFreePartner.hydra-sdk-android:hydra:4.0.0] AndroidManifest.xml:10:9-12:56
89            android:name="unified.sdk.config.vpn.hydra"
89-->[com.github.AnchorFreePartner.hydra-sdk-android:hydra:4.0.0] AndroidManifest.xml:11:13-56
90            android:resource="@raw/hydra_vpn_config" />
90-->[com.github.AnchorFreePartner.hydra-sdk-android:hydra:4.0.0] AndroidManifest.xml:12:13-53
91
92        <provider
92-->[com.github.AnchorFreePartner.hydra-sdk-android:hydra:4.0.0] AndroidManifest.xml:14:9-18:37
93            android:name="unified.vpn.sdk.HydraTransportInitProvider"
93-->[com.github.AnchorFreePartner.hydra-sdk-android:hydra:4.0.0] AndroidManifest.xml:15:13-70
94            android:authorities="com.animation.viphelper.sdk.transport.hydra"
94-->[com.github.AnchorFreePartner.hydra-sdk-android:hydra:4.0.0] AndroidManifest.xml:16:13-71
95            android:exported="false"
95-->[com.github.AnchorFreePartner.hydra-sdk-android:hydra:4.0.0] AndroidManifest.xml:17:13-37
96            android:initOrder="1" />
96-->[com.github.AnchorFreePartner.hydra-sdk-android:hydra:4.0.0] AndroidManifest.xml:18:13-34
97
98        <meta-data
98-->[com.github.AnchorFreePartner.hydra-sdk-android:openvpn:4.0.0] AndroidManifest.xml:10:9-12:58
99            android:name="unified.sdk.config.vpn.openvpn"
99-->[com.github.AnchorFreePartner.hydra-sdk-android:openvpn:4.0.0] AndroidManifest.xml:11:13-58
100            android:resource="@raw/openvpn_vpn_config" />
100-->[com.github.AnchorFreePartner.hydra-sdk-android:openvpn:4.0.0] AndroidManifest.xml:12:13-55
101
102        <provider
102-->[com.github.AnchorFreePartner.hydra-sdk-android:sdk-core:4.0.0] AndroidManifest.xml:18:9-22:37
103            android:name="unified.vpn.sdk.DBProvider"
103-->[com.github.AnchorFreePartner.hydra-sdk-android:sdk-core:4.0.0] AndroidManifest.xml:19:13-54
104            android:authorities="com.animation.viphelper.hydra.sdk.db.provider"
104-->[com.github.AnchorFreePartner.hydra-sdk-android:sdk-core:4.0.0] AndroidManifest.xml:20:13-73
105            android:exported="false"
105-->[com.github.AnchorFreePartner.hydra-sdk-android:sdk-core:4.0.0] AndroidManifest.xml:21:13-37
106            android:initOrder="1" />
106-->[com.github.AnchorFreePartner.hydra-sdk-android:sdk-core:4.0.0] AndroidManifest.xml:22:13-34
107        <provider
107-->[com.github.AnchorFreePartner.hydra-sdk-android:sdk-core:4.0.0] AndroidManifest.xml:23:9-27:39
108            android:name="unified.vpn.sdk.UnifiedSdkInitProviderMain"
108-->[com.github.AnchorFreePartner.hydra-sdk-android:sdk-core:4.0.0] AndroidManifest.xml:24:13-70
109            android:authorities="com.animation.viphelper.anchorfree.sdk.init.provider"
109-->[com.github.AnchorFreePartner.hydra-sdk-android:sdk-core:4.0.0] AndroidManifest.xml:25:13-80
110            android:exported="false"
110-->[com.github.AnchorFreePartner.hydra-sdk-android:sdk-core:4.0.0] AndroidManifest.xml:26:13-37
111            android:initOrder="100" />
111-->[com.github.AnchorFreePartner.hydra-sdk-android:sdk-core:4.0.0] AndroidManifest.xml:27:13-36
112        <provider
112-->[com.github.AnchorFreePartner.hydra-sdk-android:sdk-core:4.0.0] AndroidManifest.xml:28:9-33:58
113            android:name="unified.vpn.sdk.UnifiedSdkInitProviderVpn"
113-->[com.github.AnchorFreePartner.hydra-sdk-android:sdk-core:4.0.0] AndroidManifest.xml:29:13-69
114            android:authorities="com.animation.viphelper.anchorfree.sdk.init.provider.vpn"
114-->[com.github.AnchorFreePartner.hydra-sdk-android:sdk-core:4.0.0] AndroidManifest.xml:30:13-84
115            android:exported="false"
115-->[com.github.AnchorFreePartner.hydra-sdk-android:sdk-core:4.0.0] AndroidManifest.xml:31:13-37
116            android:initOrder="100"
116-->[com.github.AnchorFreePartner.hydra-sdk-android:sdk-core:4.0.0] AndroidManifest.xml:32:13-36
117            android:process="@string/vpn_process_name" />
117-->[com.github.AnchorFreePartner.hydra-sdk-android:sdk-core:4.0.0] AndroidManifest.xml:33:13-55
118
119        <meta-data
119-->[com.github.AnchorFreePartner.hydra-sdk-android:sdk-core:4.0.0] AndroidManifest.xml:35:9-37:62
120            android:name="com.anchorfree.sdk.daemons"
120-->[com.github.AnchorFreePartner.hydra-sdk-android:sdk-core:4.0.0] AndroidManifest.xml:36:13-54
121            android:resource="@raw/unified_daemons_config" />
121-->[com.github.AnchorFreePartner.hydra-sdk-android:sdk-core:4.0.0] AndroidManifest.xml:37:13-59
122        <meta-data
122-->[com.github.AnchorFreePartner.hydra-sdk-android:sdk-analytics:4.0.0] AndroidManifest.xml:11:9-14:48
123            android:name="com.anchorfree.sdk.tracker.config"
123-->[com.github.AnchorFreePartner.hydra-sdk-android:sdk-analytics:4.0.0] AndroidManifest.xml:12:13-61
124            android:resource="@raw/sdk_tracker_config" />
124-->[com.github.AnchorFreePartner.hydra-sdk-android:sdk-analytics:4.0.0] AndroidManifest.xml:13:13-55
125        <meta-data
125-->[com.github.AnchorFreePartner.hydra-sdk-android:sdk-reconnection:4.0.0] AndroidManifest.xml:10:9-12:55
126            android:name="unified.sdk.config.vpn"
126-->[com.github.AnchorFreePartner.hydra-sdk-android:sdk-reconnection:4.0.0] AndroidManifest.xml:11:13-50
127            android:resource="@raw/core_vpn_config" />
127-->[com.github.AnchorFreePartner.hydra-sdk-android:sdk-reconnection:4.0.0] AndroidManifest.xml:12:13-52
128
129        <provider
129-->[com.github.AnchorFreePartner.hydra-sdk-android:ucr-analytics:4.0.0] AndroidManifest.xml:13:9-19:20
130            android:name="unified.vpn.sdk.UcrContentProvider"
130-->[com.github.AnchorFreePartner.hydra-sdk-android:ucr-analytics:4.0.0] AndroidManifest.xml:14:13-62
131            android:authorities="com.animation.viphelper.ucr.provider"
131-->[com.github.AnchorFreePartner.hydra-sdk-android:ucr-analytics:4.0.0] AndroidManifest.xml:15:13-64
132            android:enabled="true"
132-->[com.github.AnchorFreePartner.hydra-sdk-android:ucr-analytics:4.0.0] AndroidManifest.xml:16:13-35
133            android:exported="false"
133-->[com.github.AnchorFreePartner.hydra-sdk-android:ucr-analytics:4.0.0] AndroidManifest.xml:17:13-37
134            android:multiprocess="false" >
134-->[com.github.AnchorFreePartner.hydra-sdk-android:ucr-analytics:4.0.0] AndroidManifest.xml:18:13-41
135        </provider>
136
137        <service
137-->[com.github.AnchorFreePartner.hydra-sdk-android:daemon:4.0.0] AndroidManifest.xml:10:9-13:58
138            android:name="unified.vpn.sdk.DaemonsService"
138-->[com.github.AnchorFreePartner.hydra-sdk-android:daemon:4.0.0] AndroidManifest.xml:11:13-58
139            android:exported="false"
139-->[com.github.AnchorFreePartner.hydra-sdk-android:daemon:4.0.0] AndroidManifest.xml:12:13-37
140            android:process="@string/vpn_process_name" />
140-->[com.github.AnchorFreePartner.hydra-sdk-android:daemon:4.0.0] AndroidManifest.xml:13:13-55
141        <service
141-->[com.github.AnchorFree.hydra-vpn-android:hydratransport:d8dd1f8] AndroidManifest.xml:10:9-14:19
142            android:name="unified.vpn.sdk.HydraProxyService"
142-->[com.github.AnchorFree.hydra-vpn-android:hydratransport:d8dd1f8] AndroidManifest.xml:11:13-61
143            android:exported="false"
143-->[com.github.AnchorFree.hydra-vpn-android:hydratransport:d8dd1f8] AndroidManifest.xml:12:13-37
144            android:permission="android.permission.BIND_VPN_SERVICE" >
144-->[com.github.AnchorFree.hydra-vpn-android:hydratransport:d8dd1f8] AndroidManifest.xml:13:13-69
145        </service>
146
147        <activity
147-->[com.github.AnchorFree.hydra-vpn-android:service:d8dd1f8] AndroidManifest.xml:12:9-17:75
148            android:name="unified.vpn.sdk.StartVPNServiceShadowActivity"
148-->[com.github.AnchorFree.hydra-vpn-android:service:d8dd1f8] AndroidManifest.xml:13:13-73
149            android:exported="false"
149-->[com.github.AnchorFree.hydra-vpn-android:service:d8dd1f8] AndroidManifest.xml:14:13-37
150            android:launchMode="singleTask"
150-->[com.github.AnchorFree.hydra-vpn-android:service:d8dd1f8] AndroidManifest.xml:15:13-44
151            android:process="@string/vpn_process_name"
151-->[com.github.AnchorFree.hydra-vpn-android:service:d8dd1f8] AndroidManifest.xml:16:13-55
152            android:theme="@android:style/Theme.Translucent.NoTitleBar" />
152-->[com.github.AnchorFree.hydra-vpn-android:service:d8dd1f8] AndroidManifest.xml:17:13-72
153
154        <service
154-->[com.github.AnchorFree.hydra-vpn-android:service:d8dd1f8] AndroidManifest.xml:19:9-28:19
155            android:name="unified.vpn.sdk.AFVpnService"
155-->[com.github.AnchorFree.hydra-vpn-android:service:d8dd1f8] AndroidManifest.xml:20:13-56
156            android:enabled="@bool/vpn_process_enabled"
156-->[com.github.AnchorFree.hydra-vpn-android:service:d8dd1f8] AndroidManifest.xml:21:13-56
157            android:exported="false"
157-->[com.github.AnchorFree.hydra-vpn-android:service:d8dd1f8] AndroidManifest.xml:22:13-37
158            android:permission="android.permission.BIND_VPN_SERVICE"
158-->[com.github.AnchorFree.hydra-vpn-android:service:d8dd1f8] AndroidManifest.xml:23:13-69
159            android:process="@string/vpn_process_name" >
159-->[com.github.AnchorFree.hydra-vpn-android:service:d8dd1f8] AndroidManifest.xml:24:13-55
160            <intent-filter>
160-->[com.github.AnchorFree.hydra-vpn-android:service:d8dd1f8] AndroidManifest.xml:25:13-27:29
161                <action android:name="android.net.VpnService" />
161-->[com.github.AnchorFree.hydra-vpn-android:service:d8dd1f8] AndroidManifest.xml:26:17-65
161-->[com.github.AnchorFree.hydra-vpn-android:service:d8dd1f8] AndroidManifest.xml:26:25-62
162            </intent-filter>
163        </service>
164
165        <provider
165-->[com.github.AnchorFree.hydra-vpn-android:service-config:d8dd1f8] AndroidManifest.xml:10:9-13:40
166            android:name="unified.vpn.sdk.VpnConfigProvider"
166-->[com.github.AnchorFree.hydra-vpn-android:service-config:d8dd1f8] AndroidManifest.xml:11:13-61
167            android:authorities="com.animation.viphelper.vpn_config"
167-->[com.github.AnchorFree.hydra-vpn-android:service-config:d8dd1f8] AndroidManifest.xml:12:13-62
168            android:exported="false" />
168-->[com.github.AnchorFree.hydra-vpn-android:service-config:d8dd1f8] AndroidManifest.xml:13:13-37
169        <provider
169-->[com.github.AnchorFree.hydra-vpn-android:credentials:d8dd1f8] AndroidManifest.xml:10:9-13:40
170            android:name="unified.vpn.sdk.CredentialsContentProvider"
170-->[com.github.AnchorFree.hydra-vpn-android:credentials:d8dd1f8] AndroidManifest.xml:11:13-70
171            android:authorities="com.animation.viphelper.credentials"
171-->[com.github.AnchorFree.hydra-vpn-android:credentials:d8dd1f8] AndroidManifest.xml:12:13-63
172            android:exported="false" />
172-->[com.github.AnchorFree.hydra-vpn-android:credentials:d8dd1f8] AndroidManifest.xml:13:13-37
173
174        <activity
174-->[com.facebook.android:audience-network-sdk:6.11.0] AndroidManifest.xml:19:9-23:75
175            android:name="com.facebook.ads.AudienceNetworkActivity"
175-->[com.facebook.android:audience-network-sdk:6.11.0] AndroidManifest.xml:20:13-68
176            android:configChanges="keyboardHidden|orientation|screenSize"
176-->[com.facebook.android:audience-network-sdk:6.11.0] AndroidManifest.xml:21:13-74
177            android:exported="false"
177-->[com.facebook.android:audience-network-sdk:6.11.0] AndroidManifest.xml:22:13-37
178            android:theme="@android:style/Theme.Translucent.NoTitleBar" />
178-->[com.facebook.android:audience-network-sdk:6.11.0] AndroidManifest.xml:23:13-72
179
180        <provider
180-->[com.facebook.android:audience-network-sdk:6.11.0] AndroidManifest.xml:25:9-28:40
181            android:name="com.facebook.ads.AudienceNetworkContentProvider"
181-->[com.facebook.android:audience-network-sdk:6.11.0] AndroidManifest.xml:26:13-75
182            android:authorities="com.animation.viphelper.AudienceNetworkContentProvider"
182-->[com.facebook.android:audience-network-sdk:6.11.0] AndroidManifest.xml:27:13-82
183            android:exported="false" /> <!-- Include the AdActivity and InAppPurchaseActivity configChanges and themes. -->
183-->[com.facebook.android:audience-network-sdk:6.11.0] AndroidManifest.xml:28:13-37
184        <activity
184-->[com.google.android.gms:play-services-ads-lite:21.3.0] AndroidManifest.xml:49:9-53:64
185            android:name="com.google.android.gms.ads.AdActivity"
185-->[com.google.android.gms:play-services-ads-lite:21.3.0] AndroidManifest.xml:50:13-65
186            android:configChanges="keyboard|keyboardHidden|orientation|screenLayout|uiMode|screenSize|smallestScreenSize"
186-->[com.google.android.gms:play-services-ads-lite:21.3.0] AndroidManifest.xml:51:13-122
187            android:exported="false"
187-->[com.google.android.gms:play-services-ads-lite:21.3.0] AndroidManifest.xml:52:13-37
188            android:theme="@android:style/Theme.Translucent" />
188-->[com.google.android.gms:play-services-ads-lite:21.3.0] AndroidManifest.xml:53:13-61
189
190        <provider
190-->[com.google.android.gms:play-services-ads-lite:21.3.0] AndroidManifest.xml:55:9-59:39
191            android:name="com.google.android.gms.ads.MobileAdsInitProvider"
191-->[com.google.android.gms:play-services-ads-lite:21.3.0] AndroidManifest.xml:56:13-76
192            android:authorities="com.animation.viphelper.mobileadsinitprovider"
192-->[com.google.android.gms:play-services-ads-lite:21.3.0] AndroidManifest.xml:57:13-73
193            android:exported="false"
193-->[com.google.android.gms:play-services-ads-lite:21.3.0] AndroidManifest.xml:58:13-37
194            android:initOrder="100" />
194-->[com.google.android.gms:play-services-ads-lite:21.3.0] AndroidManifest.xml:59:13-36
195
196        <service
196-->[com.google.android.gms:play-services-ads-lite:21.3.0] AndroidManifest.xml:61:9-64:40
197            android:name="com.google.android.gms.ads.AdService"
197-->[com.google.android.gms:play-services-ads-lite:21.3.0] AndroidManifest.xml:62:13-64
198            android:enabled="true"
198-->[com.google.android.gms:play-services-ads-lite:21.3.0] AndroidManifest.xml:63:13-35
199            android:exported="false" />
199-->[com.google.android.gms:play-services-ads-lite:21.3.0] AndroidManifest.xml:64:13-37
200
201        <activity
201-->[com.google.android.gms:play-services-base:18.0.0] AndroidManifest.xml:20:9-22:45
202            android:name="com.google.android.gms.common.api.GoogleApiActivity"
202-->[com.google.android.gms:play-services-base:18.0.0] AndroidManifest.xml:20:19-85
203            android:exported="false"
203-->[com.google.android.gms:play-services-base:18.0.0] AndroidManifest.xml:22:19-43
204            android:theme="@android:style/Theme.Translucent.NoTitleBar" />
204-->[com.google.android.gms:play-services-base:18.0.0] AndroidManifest.xml:21:19-78
205
206        <meta-data
206-->[com.google.android.gms:play-services-basement:18.0.0] AndroidManifest.xml:21:9-23:69
207            android:name="com.google.android.gms.version"
207-->[com.google.android.gms:play-services-basement:18.0.0] AndroidManifest.xml:22:13-58
208            android:value="@integer/google_play_services_version" />
208-->[com.google.android.gms:play-services-basement:18.0.0] AndroidManifest.xml:23:13-66
209
210        <provider
210-->[androidx.emoji2:emoji2:1.2.0] AndroidManifest.xml:24:9-32:20
211            android:name="androidx.startup.InitializationProvider"
211-->[androidx.emoji2:emoji2:1.2.0] AndroidManifest.xml:25:13-67
212            android:authorities="com.animation.viphelper.androidx-startup"
212-->[androidx.emoji2:emoji2:1.2.0] AndroidManifest.xml:26:13-68
213            android:exported="false" >
213-->[androidx.emoji2:emoji2:1.2.0] AndroidManifest.xml:27:13-37
214            <meta-data
214-->[androidx.emoji2:emoji2:1.2.0] AndroidManifest.xml:29:13-31:52
215                android:name="androidx.emoji2.text.EmojiCompatInitializer"
215-->[androidx.emoji2:emoji2:1.2.0] AndroidManifest.xml:30:17-75
216                android:value="androidx.startup" />
216-->[androidx.emoji2:emoji2:1.2.0] AndroidManifest.xml:31:17-49
217            <meta-data
217-->[androidx.work:work-runtime:2.8.0-alpha02] AndroidManifest.xml:36:13-38:52
218                android:name="androidx.work.WorkManagerInitializer"
218-->[androidx.work:work-runtime:2.8.0-alpha02] AndroidManifest.xml:37:17-68
219                android:value="androidx.startup" />
219-->[androidx.work:work-runtime:2.8.0-alpha02] AndroidManifest.xml:38:17-49
220            <meta-data
220-->[androidx.lifecycle:lifecycle-process:2.4.1] AndroidManifest.xml:31:13-33:52
221                android:name="androidx.lifecycle.ProcessLifecycleInitializer"
221-->[androidx.lifecycle:lifecycle-process:2.4.1] AndroidManifest.xml:32:17-78
222                android:value="androidx.startup" />
222-->[androidx.lifecycle:lifecycle-process:2.4.1] AndroidManifest.xml:33:17-49
223        </provider>
224
225        <service
225-->[androidx.work:work-runtime:2.8.0-alpha02] AndroidManifest.xml:41:9-47:35
226            android:name="androidx.work.impl.background.systemalarm.SystemAlarmService"
226-->[androidx.work:work-runtime:2.8.0-alpha02] AndroidManifest.xml:42:13-88
227            android:directBootAware="false"
227-->[androidx.work:work-runtime:2.8.0-alpha02] AndroidManifest.xml:43:13-44
228            android:enabled="@bool/enable_system_alarm_service_default"
228-->[androidx.work:work-runtime:2.8.0-alpha02] AndroidManifest.xml:44:13-72
229            android:exported="false" />
229-->[androidx.work:work-runtime:2.8.0-alpha02] AndroidManifest.xml:45:13-37
230        <service
230-->[androidx.work:work-runtime:2.8.0-alpha02] AndroidManifest.xml:48:9-54:35
231            android:name="androidx.work.impl.background.systemjob.SystemJobService"
231-->[androidx.work:work-runtime:2.8.0-alpha02] AndroidManifest.xml:49:13-84
232            android:directBootAware="false"
232-->[androidx.work:work-runtime:2.8.0-alpha02] AndroidManifest.xml:50:13-44
233            android:enabled="@bool/enable_system_job_service_default"
233-->[androidx.work:work-runtime:2.8.0-alpha02] AndroidManifest.xml:51:13-70
234            android:exported="true"
234-->[androidx.work:work-runtime:2.8.0-alpha02] AndroidManifest.xml:52:13-36
235            android:permission="android.permission.BIND_JOB_SERVICE" />
235-->[androidx.work:work-runtime:2.8.0-alpha02] AndroidManifest.xml:53:13-69
236        <service
236-->[androidx.work:work-runtime:2.8.0-alpha02] AndroidManifest.xml:55:9-61:35
237            android:name="androidx.work.impl.foreground.SystemForegroundService"
237-->[androidx.work:work-runtime:2.8.0-alpha02] AndroidManifest.xml:56:13-81
238            android:directBootAware="false"
238-->[androidx.work:work-runtime:2.8.0-alpha02] AndroidManifest.xml:57:13-44
239            android:enabled="@bool/enable_system_foreground_service_default"
239-->[androidx.work:work-runtime:2.8.0-alpha02] AndroidManifest.xml:58:13-77
240            android:exported="false" />
240-->[androidx.work:work-runtime:2.8.0-alpha02] AndroidManifest.xml:59:13-37
241
242        <receiver
242-->[androidx.work:work-runtime:2.8.0-alpha02] AndroidManifest.xml:63:9-68:35
243            android:name="androidx.work.impl.utils.ForceStopRunnable$BroadcastReceiver"
243-->[androidx.work:work-runtime:2.8.0-alpha02] AndroidManifest.xml:64:13-88
244            android:directBootAware="false"
244-->[androidx.work:work-runtime:2.8.0-alpha02] AndroidManifest.xml:65:13-44
245            android:enabled="true"
245-->[androidx.work:work-runtime:2.8.0-alpha02] AndroidManifest.xml:66:13-35
246            android:exported="false" />
246-->[androidx.work:work-runtime:2.8.0-alpha02] AndroidManifest.xml:67:13-37
247        <receiver
247-->[androidx.work:work-runtime:2.8.0-alpha02] AndroidManifest.xml:69:9-79:20
248            android:name="androidx.work.impl.background.systemalarm.ConstraintProxy$BatteryChargingProxy"
248-->[androidx.work:work-runtime:2.8.0-alpha02] AndroidManifest.xml:70:13-106
249            android:directBootAware="false"
249-->[androidx.work:work-runtime:2.8.0-alpha02] AndroidManifest.xml:71:13-44
250            android:enabled="false"
250-->[androidx.work:work-runtime:2.8.0-alpha02] AndroidManifest.xml:72:13-36
251            android:exported="false" >
251-->[androidx.work:work-runtime:2.8.0-alpha02] AndroidManifest.xml:73:13-37
252            <intent-filter>
252-->[androidx.work:work-runtime:2.8.0-alpha02] AndroidManifest.xml:75:13-78:29
253                <action android:name="android.intent.action.ACTION_POWER_CONNECTED" />
253-->[androidx.work:work-runtime:2.8.0-alpha02] AndroidManifest.xml:76:17-87
253-->[androidx.work:work-runtime:2.8.0-alpha02] AndroidManifest.xml:76:25-84
254                <action android:name="android.intent.action.ACTION_POWER_DISCONNECTED" />
254-->[androidx.work:work-runtime:2.8.0-alpha02] AndroidManifest.xml:77:17-90
254-->[androidx.work:work-runtime:2.8.0-alpha02] AndroidManifest.xml:77:25-87